<?xml version="1.0" encoding="UTF-8"?>
<!-- Generated by org.testng.reporters.JUnitReportReporter -->
<testsuite hostname="DESKTOP-AFOKIGP" failures="0" tests="1" name="com.demowebshop.automation.testscripts.TS_EndToEndFlow" time="25.499" errors="0" timestamp="2023-04-14T16:50:22 IST" skipped="0">
  <testcase classname="com.demowebshop.automation.testscripts.TS_EndToEndFlow" name="testScript" time="25.499"/>
  <system-out/>
</testsuite> <!-- com.demowebshop.automation.testscripts.TS_EndToEndFlow -->
